Base path: 'C:/Program Files/Unity/Hub/Editor/2019.4.28f1/Editor/Data', plugins path 'C:/Program Files/Unity/Hub/Editor/2019.4.28f1/Editor/Data/PlaybackEngines'
Cmd: initializeCompiler
Cmd: compileSnippet
  api=4 type=0 insize=275660 outsize=4306 kw=UNITY_PASS_SHADOWCASTER SHADOWS_DEPTH _STOCHASTICMODE_DELIOT_HEITZ _LIGHTINGMODE_REALISTIC _RIMSTYLE_POIYOMI _RIM2STYLE_POIYOMI POIBS_ENABLE BSSBLOOMFOGTYPE_HEIGHT pd=UNITY_ENABLE_REFLECTION_BUFFERS UNITY_USE_DITHER_MASK_FOR_ALPHABLENDED_SHADOWS UNITY_PBS_USE_BRDF1 UNITY_SPECCUBE_BOX_PROJECTION UNITY_SPECCUBE_BLENDING UNITY_ENABLE_DETAIL_NORMALMAP SHADER_API_DESKTOP UNITY_LIGHT_PROBE_PROXY_VOLUME UNITY_LIGHTMAP_FULL_HDR ok=1
Cmd: compileSnippet
  api=4 type=1 insize=338355 outsize=155578 kw=UNITY_PASS_FORWARDBASE DIRECTIONAL LIGHTPROBE_SH _STOCHASTICMODE_DELIOT_HEITZ VIGNETTE_MASKED _LIGHTINGMODE_TEXTURERAMP _RIMSTYLE_POIYOMI _RIM2STYLE_POIYOMI POIBS_ENABLE BSSBLOOMFOGTYPE_HEIGHT pd=UNITY_ENABLE_REFLECTION_BUFFERS UNITY_USE_DITHER_MASK_FOR_ALPHABLENDED_SHADOWS UNITY_PBS_USE_BRDF1 UNITY_SPECCUBE_BOX_PROJECTION UNITY_SPECCUBE_BLENDING UNITY_ENABLE_DETAIL_NORMALMAP SHADER_API_DESKTOP UNITY_LIGHT_PROBE_PROXY_VOLUME UNITY_LIGHTMAP_FULL_HDR ok=1
Cmd: compileSnippet
  api=4 type=1 insize=275660 outsize=92954 kw=UNITY_PASS_SHADOWCASTER SHADOWS_CUBE _STOCHASTICMODE_DELIOT_HEITZ VIGNETTE_MASKED _LIGHTINGMODE_TEXTURERAMP _RIMSTYLE_POIYOMI _RIM2STYLE_POIYOMI POIBS_ENABLE POIBS_BLOOMFOG BSSBLOOMFOGTYPE_HEIGHT pd=UNITY_ENABLE_REFLECTION_BUFFERS UNITY_USE_DITHER_MASK_FOR_ALPHABLENDED_SHADOWS UNITY_PBS_USE_BRDF1 UNITY_SPECCUBE_BOX_PROJECTION UNITY_SPECCUBE_BLENDING UNITY_ENABLE_DETAIL_NORMALMAP SHADER_API_DESKTOP UNITY_LIGHT_PROBE_PROXY_VOLUME UNITY_LIGHTMAP_FULL_HDR ok=1
Cmd: compileSnippet
  api=4 type=0 insize=338355 outsize=8334 kw=UNITY_PASS_FORWARDBASE DIRECTIONAL LIGHTPROBE_SH _STOCHASTICMODE_DELIOT_HEITZ VIGNETTE_MASKED _LIGHTINGMODE_TEXTURERAMP _RIMSTYLE_POIYOMI _RIM2STYLE_POIYOMI POIBS_ENABLE POIBS_BLOOMFOG pd=UNITY_ENABLE_REFLECTION_BUFFERS UNITY_USE_DITHER_MASK_FOR_ALPHABLENDED_SHADOWS UNITY_PBS_USE_BRDF1 UNITY_SPECCUBE_BOX_PROJECTION UNITY_SPECCUBE_BLENDING UNITY_ENABLE_DETAIL_NORMALMAP SHADER_API_DESKTOP UNITY_LIGHT_PROBE_PROXY_VOLUME UNITY_LIGHTMAP_FULL_HDR ok=1
Cmd: compileSnippet
  api=4 type=0 insize=338355 outsize=7526 kw=UNITY_PASS_FORWARDBASE DIRECTIONAL LIGHTPROBE_SH _STOCHASTICMODE_DELIOT_HEITZ VIGNETTE_MASKED _LIGHTINGMODE_TEXTURERAMP _RIMSTYLE_POIYOMI _RIM2STYLE_POIYOMI POIBS_ENABLE pd=UNITY_ENABLE_REFLECTION_BUFFERS UNITY_USE_DITHER_MASK_FOR_ALPHABLENDED_SHADOWS UNITY_PBS_USE_BRDF1 UNITY_SPECCUBE_BOX_PROJECTION UNITY_SPECCUBE_BLENDING UNITY_ENABLE_DETAIL_NORMALMAP SHADER_API_DESKTOP UNITY_LIGHT_PROBE_PROXY_VOLUME UNITY_LIGHTMAP_FULL_HDR ok=1
Cmd: compileSnippet
  api=4 type=0 insize=675420 outsize=3618 kw=UNITY_PASS_FORWARDBASE DIRECTIONAL LIGHTPROBE_SH INSTANCING_ON _STOCHASTICMODE_DELIOT_HEITZ VIGNETTE_MASKED _LIGHTINGMODE_REALISTIC _RIMSTYLE_POIYOMI _RIM2STYLE_POIYOMI POIBS_ENABLE BSSBLOOMFOGTYPE_HEIGHT pd=UNITY_ENABLE_REFLECTION_BUFFERS UNITY_USE_DITHER_MASK_FOR_ALPHABLENDED_SHADOWS UNITY_PBS_USE_BRDF1 UNITY_SPECCUBE_BOX_PROJECTION UNITY_SPECCUBE_BLENDING UNITY_ENABLE_DETAIL_NORMALMAP SHADER_API_DESKTOP UNITY_LIGHT_PROBE_PROXY_VOLUME UNITY_LIGHTMAP_FULL_HDR ok=1
Cmd: compileSnippet
  api=4 type=1 insize=675420 outsize=163126 kw=UNITY_PASS_FORWARDBASE DIRECTIONAL LIGHTPROBE_SH INSTANCING_ON _STOCHASTICMODE_DELIOT_HEITZ VIGNETTE_MASKED _LIGHTINGMODE_TEXTURERAMP _RIMSTYLE_POIYOMI _RIM2STYLE_POIYOMI POIBS_ENABLE pd=UNITY_ENABLE_REFLECTION_BUFFERS UNITY_USE_DITHER_MASK_FOR_ALPHABLENDED_SHADOWS UNITY_PBS_USE_BRDF1 UNITY_SPECCUBE_BOX_PROJECTION UNITY_SPECCUBE_BLENDING UNITY_ENABLE_DETAIL_NORMALMAP SHADER_API_DESKTOP UNITY_LIGHT_PROBE_PROXY_VOLUME UNITY_LIGHTMAP_FULL_HDR ok=1
Cmd: compileSnippet
  api=4 type=1 insize=338355 outsize=161846 kw=UNITY_PASS_FORWARDBASE DIRECTIONAL LIGHTPROBE_SH INSTANCING_ON UNITY_SINGLE_PASS_STEREO _STOCHASTICMODE_DELIOT_HEITZ VIGNETTE_MASKED _LIGHTINGMODE_TEXTURERAMP _RIMSTYLE_POIYOMI _RIM2STYLE_POIYOMI POIBS_ENABLE pd=UNITY_ENABLE_REFLECTION_BUFFERS UNITY_USE_DITHER_MASK_FOR_ALPHABLENDED_SHADOWS UNITY_PBS_USE_BRDF1 UNITY_SPECCUBE_BOX_PROJECTION UNITY_SPECCUBE_BLENDING UNITY_ENABLE_DETAIL_NORMALMAP SHADER_API_DESKTOP UNITY_LIGHT_PROBE_PROXY_VOLUME UNITY_LIGHTMAP_FULL_HDR ok=1
Cmd: compileSnippet
  api=4 type=1 insize=675420 outsize=164098 kw=UNITY_PASS_FORWARDBASE DIRECTIONAL SHADOWS_SCREEN LIGHTPROBE_SH INSTANCING_ON _STOCHASTICMODE_DELIOT_HEITZ VIGNETTE_MASKED _LIGHTINGMODE_TEXTURERAMP _RIMSTYLE_POIYOMI _RIM2STYLE_POIYOMI POIBS_ENABLE pd=UNITY_ENABLE_REFLECTION_BUFFERS UNITY_USE_DITHER_MASK_FOR_ALPHABLENDED_SHADOWS UNITY_PBS_USE_BRDF1 UNITY_SPECCUBE_BOX_PROJECTION UNITY_SPECCUBE_BLENDING UNITY_ENABLE_DETAIL_NORMALMAP SHADER_API_DESKTOP UNITY_LIGHT_PROBE_PROXY_VOLUME UNITY_LIGHTMAP_FULL_HDR ok=1
Cmd: compileSnippet
  api=4 type=0 insize=338355 outsize=8550 kw=UNITY_PASS_FORWARDBASE DIRECTIONAL SHADOWS_SCREEN LIGHTPROBE_SH INSTANCING_ON _STOCHASTICMODE_DELIOT_HEITZ VIGNETTE_MASKED _LIGHTINGMODE_FLAT _RIMSTYLE_POIYOMI _RIM2STYLE_POIYOMI POIBS_ENABLE pd=UNITY_ENABLE_REFLECTION_BUFFERS UNITY_USE_DITHER_MASK_FOR_ALPHABLENDED_SHADOWS UNITY_PBS_USE_BRDF1 UNITY_SPECCUBE_BOX_PROJECTION UNITY_SPECCUBE_BLENDING UNITY_ENABLE_DETAIL_NORMALMAP SHADER_API_DESKTOP UNITY_LIGHT_PROBE_PROXY_VOLUME UNITY_LIGHTMAP_FULL_HDR ok=1
Cmd: compileSnippet
  error: 1 plat 4 at (44052): floating point division by zero\nCompiling Fragment program with UNITY_PASS_FORWARDBASE DIRECTIONAL LIGHTPROBE_SH INSTANCING_ON _STOCHASTICMODE_DELIOT_HEITZ VIGNETTE_MASKED _LIGHTINGMODE_SHADEMAP _RIMSTYLE_POIYOMI _RIM2STYLE_POIYOMI POIBS_ENABLE
Platform defines: UNITY_ENABLE_REFLECTION_BUFFERS UNITY_USE_DITHER_MASK_FOR_ALPHABLENDED_SHADOWS UNITY_PBS_USE_BRDF1 UNITY_SPECCUBE_BOX_PROJECTION UNITY_SPECCUBE_BLENDING UNITY_ENABLE_DETAIL_NORMALMAP SHADER_API_DESKTOP UNITY_LIGHT_PROBE_PROXY_VOLUME UNITY_LIGHTMAP_FULL_HDR
  api=4 type=1 insize=338355 outsize=151238 kw=UNITY_PASS_FORWARDBASE DIRECTIONAL LIGHTPROBE_SH INSTANCING_ON _STOCHASTICMODE_DELIOT_HEITZ VIGNETTE_MASKED _LIGHTINGMODE_SHADEMAP _RIMSTYLE_POIYOMI _RIM2STYLE_POIYOMI POIBS_ENABLE pd=UNITY_ENABLE_REFLECTION_BUFFERS UNITY_USE_DITHER_MASK_FOR_ALPHABLENDED_SHADOWS UNITY_PBS_USE_BRDF1 UNITY_SPECCUBE_BOX_PROJECTION UNITY_SPECCUBE_BLENDING UNITY_ENABLE_DETAIL_NORMALMAP SHADER_API_DESKTOP UNITY_LIGHT_PROBE_PROXY_VOLUME UNITY_LIGHTMAP_FULL_HDR ok=1
Cmd: compileSnippet
  api=4 type=1 insize=675420 outsize=165210 kw=UNITY_PASS_FORWARDBASE DIRECTIONAL LIGHTPROBE_SH INSTANCING_ON _STOCHASTICMODE_DELIOT_HEITZ VIGNETTE_MASKED _LIGHTINGMODE_REALISTIC _RIMSTYLE_POIYOMI _RIM2STYLE_POIYOMI POIBS_ENABLE pd=UNITY_ENABLE_REFLECTION_BUFFERS UNITY_USE_DITHER_MASK_FOR_ALPHABLENDED_SHADOWS UNITY_PBS_USE_BRDF1 UNITY_SPECCUBE_BOX_PROJECTION UNITY_SPECCUBE_BLENDING UNITY_ENABLE_DETAIL_NORMALMAP SHADER_API_DESKTOP UNITY_LIGHT_PROBE_PROXY_VOLUME UNITY_LIGHTMAP_FULL_HDR ok=1
Cmd: compileSnippet
  api=4 type=1 insize=338355 outsize=162198 kw=UNITY_PASS_FORWARDBASE DIRECTIONAL LIGHTPROBE_SH INSTANCING_ON _STOCHASTICMODE_DELIOT_HEITZ VIGNETTE_MASKED _LIGHTINGMODE_REALISTIC _RIMSTYLE_POIYOMI _RIM2STYLE_POIYOMI POI_PATHING POIBS_ENABLE pd=UNITY_ENABLE_REFLECTION_BUFFERS UNITY_USE_DITHER_MASK_FOR_ALPHABLENDED_SHADOWS UNITY_PBS_USE_BRDF1 UNITY_SPECCUBE_BOX_PROJECTION UNITY_SPECCUBE_BLENDING UNITY_ENABLE_DETAIL_NORMALMAP SHADER_API_DESKTOP UNITY_LIGHT_PROBE_PROXY_VOLUME UNITY_LIGHTMAP_FULL_HDR ok=1
Cmd: compileSnippet
  api=4 type=1 insize=168756 outsize=726 kw=UNITY_PASS_FORWARDBASE INSTANCING_ON _STOCHASTICMODE_DELIOT_HEITZ VIGNETTE_MASKED _LIGHTINGMODE_REALISTIC POI_MATCAP0 _RIMSTYLE_POIYOMI _RIM2STYLE_POIYOMI POIBS_ENABLE pd=UNITY_ENABLE_REFLECTION_BUFFERS UNITY_USE_DITHER_MASK_FOR_ALPHABLENDED_SHADOWS UNITY_PBS_USE_BRDF1 UNITY_SPECCUBE_BOX_PROJECTION UNITY_SPECCUBE_BLENDING UNITY_ENABLE_DETAIL_NORMALMAP SHADER_API_DESKTOP UNITY_LIGHT_PROBE_PROXY_VOLUME UNITY_LIGHTMAP_FULL_HDR ok=1
Cmd: compileSnippet
  api=4 type=1 insize=338355 outsize=163170 kw=UNITY_PASS_FORWARDBASE DIRECTIONAL SHADOWS_SCREEN LIGHTPROBE_SH INSTANCING_ON _STOCHASTICMODE_DELIOT_HEITZ VIGNETTE_MASKED _LIGHTINGMODE_REALISTIC POI_MATCAP0 _RIMSTYLE_POIYOMI _RIM2STYLE_POIYOMI POIBS_ENABLE pd=UNITY_ENABLE_REFLECTION_BUFFERS UNITY_USE_DITHER_MASK_FOR_ALPHABLENDED_SHADOWS UNITY_PBS_USE_BRDF1 UNITY_SPECCUBE_BOX_PROJECTION UNITY_SPECCUBE_BLENDING UNITY_ENABLE_DETAIL_NORMALMAP SHADER_API_DESKTOP UNITY_LIGHT_PROBE_PROXY_VOLUME UNITY_LIGHTMAP_FULL_HDR ok=1
Cmd: compileSnippet
  api=4 type=0 insize=275660 outsize=4666 kw=UNITY_PASS_SHADOWCASTER SHADOWS_CUBE INSTANCING_ON _STOCHASTICMODE_DELIOT_HEITZ _LIGHTINGMODE_REALISTIC POI_MATCAP0 _RIMSTYLE_POIYOMI _RIM2STYLE_POIYOMI POIBS_ENABLE pd=UNITY_ENABLE_REFLECTION_BUFFERS UNITY_USE_DITHER_MASK_FOR_ALPHABLENDED_SHADOWS UNITY_PBS_USE_BRDF1 UNITY_SPECCUBE_BOX_PROJECTION UNITY_SPECCUBE_BLENDING UNITY_ENABLE_DETAIL_NORMALMAP SHADER_API_DESKTOP UNITY_LIGHT_PROBE_PROXY_VOLUME UNITY_LIGHTMAP_FULL_HDR ok=1
Cmd: compileSnippet
  api=4 type=1 insize=275660 outsize=92954 kw=UNITY_PASS_SHADOWCASTER SHADOWS_DEPTH _STOCHASTICMODE_DELIOT_HEITZ _LIGHTINGMODE_FLAT POI_MATCAP0 _RIMSTYLE_POIYOMI _RIM2STYLE_POIYOMI POIBS_ENABLE BSSBLOOMFOGTYPE_HEIGHT pd=UNITY_ENABLE_REFLECTION_BUFFERS UNITY_USE_DITHER_MASK_FOR_ALPHABLENDED_SHADOWS UNITY_PBS_USE_BRDF1 UNITY_SPECCUBE_BOX_PROJECTION UNITY_SPECCUBE_BLENDING UNITY_ENABLE_DETAIL_NORMALMAP SHADER_API_DESKTOP UNITY_LIGHT_PROBE_PROXY_VOLUME UNITY_LIGHTMAP_FULL_HDR ok=1
Cmd: compileSnippet
  api=4 type=1 insize=338355 outsize=146418 kw=UNITY_PASS_FORWARDBASE DIRECTIONAL LIGHTPROBE_SH _STOCHASTICMODE_DELIOT_HEITZ _LIGHTINGMODE_FLAT POI_MATCAP0 _RIMSTYLE_POIYOMI _RIM2STYLE_POIYOMI POI_CLEARCOAT POIBS_ENABLE BSSBLOOMFOGTYPE_HEIGHT pd=UNITY_ENABLE_REFLECTION_BUFFERS UNITY_USE_DITHER_MASK_FOR_ALPHABLENDED_SHADOWS UNITY_PBS_USE_BRDF1 UNITY_SPECCUBE_BOX_PROJECTION UNITY_SPECCUBE_BLENDING UNITY_ENABLE_DETAIL_NORMALMAP SHADER_API_DESKTOP UNITY_LIGHT_PROBE_PROXY_VOLUME UNITY_LIGHTMAP_FULL_HDR ok=1
Cmd: compileSnippet
  api=4 type=0 insize=275660 outsize=4306 kw=UNITY_PASS_SHADOWCASTER SHADOWS_DEPTH _STOCHASTICMODE_DELIOT_HEITZ _LIGHTINGMODE_FLAT POI_ANISOTROPICS POI_MATCAP0 _RIMSTYLE_POIYOMI _RIM2STYLE_POIYOMI POIBS_ENABLE BSSBLOOMFOGTYPE_HEIGHT pd=UNITY_ENABLE_REFLECTION_BUFFERS UNITY_USE_DITHER_MASK_FOR_ALPHABLENDED_SHADOWS UNITY_PBS_USE_BRDF1 UNITY_SPECCUBE_BOX_PROJECTION UNITY_SPECCUBE_BLENDING UNITY_ENABLE_DETAIL_NORMALMAP SHADER_API_DESKTOP UNITY_LIGHT_PROBE_PROXY_VOLUME UNITY_LIGHTMAP_FULL_HDR ok=1
Cmd: compileSnippet
  api=4 type=1 insize=675420 outsize=182654 kw=UNITY_PASS_FORWARDBASE DIRECTIONAL SHADOWS_SCREEN LIGHTPROBE_SH INSTANCING_ON _STOCHASTICMODE_DELIOT_HEITZ _LIGHTINGMODE_FLAT POI_MATCAP0 _RIMSTYLE_POIYOMI _RIM2STYLE_POIYOMI POIBS_ENABLE BSSBLOOMFOGTYPE_HEIGHT pd=UNITY_ENABLE_REFLECTION_BUFFERS UNITY_USE_DITHER_MASK_FOR_ALPHABLENDED_SHADOWS UNITY_PBS_USE_BRDF1 UNITY_SPECCUBE_BOX_PROJECTION UNITY_SPECCUBE_BLENDING UNITY_ENABLE_DETAIL_NORMALMAP SHADER_API_DESKTOP UNITY_LIGHT_PROBE_PROXY_VOLUME UNITY_LIGHTMAP_FULL_HDR ok=1
Cmd: compileSnippet
  api=4 type=1 insize=1402 outsize=474 kw=UNITY_PASS_FORWARDBASE pd=UNITY_ENABLE_REFLECTION_BUFFERS UNITY_USE_DITHER_MASK_FOR_ALPHABLENDED_SHADOWS UNITY_PBS_USE_BRDF1 UNITY_SPECCUBE_BOX_PROJECTION UNITY_SPECCUBE_BLENDING UNITY_ENABLE_DETAIL_NORMALMAP SHADER_API_DESKTOP UNITY_LIGHT_PROBE_PROXY_VOLUME UNITY_LIGHTMAP_FULL_HDR ok=1
Cmd: compileSnippet
  api=4 type=1 insize=1402 outsize=454 kw=UNITY_PASS_FORWARDBASE _ALPHAPREMULTIPLY_ON pd=UNITY_ENABLE_REFLECTION_BUFFERS UNITY_USE_DITHER_MASK_FOR_ALPHABLENDED_SHADOWS UNITY_PBS_USE_BRDF1 UNITY_SPECCUBE_BOX_PROJECTION UNITY_SPECCUBE_BLENDING UNITY_ENABLE_DETAIL_NORMALMAP SHADER_API_DESKTOP UNITY_LIGHT_PROBE_PROXY_VOLUME UNITY_LIGHTMAP_FULL_HDR ok=1
Cmd: compileSnippet
  api=4 type=0 insize=1402 outsize=1250 kw=UNITY_PASS_FORWARDBASE SOFTPARTICLES_ON _ALPHAPREMULTIPLY_ON pd=UNITY_ENABLE_REFLECTION_BUFFERS UNITY_USE_DITHER_MASK_FOR_ALPHABLENDED_SHADOWS UNITY_PBS_USE_BRDF1 UNITY_SPECCUBE_BOX_PROJECTION UNITY_SPECCUBE_BLENDING UNITY_ENABLE_DETAIL_NORMALMAP SHADER_API_DESKTOP UNITY_LIGHT_PROBE_PROXY_VOLUME UNITY_LIGHTMAP_FULL_HDR ok=1
Cmd: compileSnippet
  error: 2 plat 4 at (85): undeclared identifier 'UnityObjectToWorldPos'\nCompiling Vertex program
Platform defines: UNITY_ENABLE_REFLECTION_BUFFERS UNITY_USE_DITHER_MASK_FOR_ALPHABLENDED_SHADOWS UNITY_PBS_USE_BRDF1 UNITY_SPECCUBE_BOX_PROJECTION UNITY_SPECCUBE_BLENDING UNITY_ENABLE_DETAIL_NORMALMAP SHADER_API_DESKTOP UNITY_LIGHT_PROBE_PROXY_VOLUME UNITY_LIGHTMAP_FULL_HDR
  api=4 type=0 insize=5977 outsize=0 kw= pd=UNITY_ENABLE_REFLECTION_BUFFERS UNITY_USE_DITHER_MASK_FOR_ALPHABLENDED_SHADOWS UNITY_PBS_USE_BRDF1 UNITY_SPECCUBE_BOX_PROJECTION UNITY_SPECCUBE_BLENDING UNITY_ENABLE_DETAIL_NORMALMAP SHADER_API_DESKTOP UNITY_LIGHT_PROBE_PROXY_VOLUME UNITY_LIGHTMAP_FULL_HDR ok=0
Cmd: compileSnippet
  api=4 type=0 insize=168756 outsize=3702 kw=UNITY_PASS_FORWARDBASE INSTANCING_ON UNITY_SINGLE_PASS_STEREO _STOCHASTICMODE_DELIOT_HEITZ _LIGHTINGMODE_REALISTIC POI_MATCAP0 _RIMSTYLE_POIYOMI _RIM2STYLE_POIYOMI POIBS_ENABLE pd=UNITY_ENABLE_REFLECTION_BUFFERS UNITY_USE_DITHER_MASK_FOR_ALPHABLENDED_SHADOWS UNITY_PBS_USE_BRDF1 UNITY_SPECCUBE_BOX_PROJECTION UNITY_SPECCUBE_BLENDING UNITY_ENABLE_DETAIL_NORMALMAP SHADER_API_DESKTOP UNITY_LIGHT_PROBE_PROXY_VOLUME UNITY_LIGHTMAP_FULL_HDR ok=1
Cmd: compileSnippet
  api=4 type=1 insize=338355 outsize=164858 kw=UNITY_PASS_FORWARDBASE DIRECTIONAL SHADOWS_SCREEN LIGHTPROBE_SH INSTANCING_ON UNITY_SINGLE_PASS_STEREO _STOCHASTICMODE_DELIOT_HEITZ VIGNETTE_MASKED _LIGHTINGMODE_REALISTIC _RIMSTYLE_POIYOMI _RIM2STYLE_POIYOMI POIBS_ENABLE BSSBLOOMFOGTYPE_HEIGHT pd=UNITY_ENABLE_REFLECTION_BUFFERS UNITY_USE_DITHER_MASK_FOR_ALPHABLENDED_SHADOWS UNITY_PBS_USE_BRDF1 UNITY_SPECCUBE_BOX_PROJECTION UNITY_SPECCUBE_BLENDING UNITY_ENABLE_DETAIL_NORMALMAP SHADER_API_DESKTOP UNITY_LIGHT_PROBE_PROXY_VOLUME UNITY_LIGHTMAP_FULL_HDR ok=1
Cmd: compileSnippet
  api=4 type=0 insize=5887 outsize=762 kw=UNITY_SINGLE_PASS_STEREO pd=UNITY_ENABLE_REFLECTION_BUFFERS UNITY_USE_DITHER_MASK_FOR_ALPHABLENDED_SHADOWS UNITY_PBS_USE_BRDF1 UNITY_SPECCUBE_BOX_PROJECTION UNITY_SPECCUBE_BLENDING UNITY_ENABLE_DETAIL_NORMALMAP SHADER_API_DESKTOP UNITY_LIGHT_PROBE_PROXY_VOLUME UNITY_LIGHTMAP_FULL_HDR ok=1
Cmd: compileSnippet
  api=4 type=1 insize=338355 outsize=158226 kw=UNITY_PASS_FORWARDBASE DIRECTIONAL SHADOWS_SCREEN LIGHTPROBE_SH _STOCHASTICMODE_DELIOT_HEITZ VIGNETTE_MASKED _LIGHTINGMODE_REALISTIC _RIMSTYLE_POIYOMI _RIM2STYLE_POIYOMI POIBS_ENABLE BSSBLOOMFOGTYPE_HEIGHT pd=UNITY_ENABLE_REFLECTION_BUFFERS UNITY_USE_DITHER_MASK_FOR_ALPHABLENDED_SHADOWS UNITY_PBS_USE_BRDF1 UNITY_SPECCUBE_BOX_PROJECTION UNITY_SPECCUBE_BLENDING UNITY_ENABLE_DETAIL_NORMALMAP SHADER_API_DESKTOP UNITY_LIGHT_PROBE_PROXY_VOLUME UNITY_LIGHTMAP_FULL_HDR ok=1
Cmd: compileSnippet
  api=4 type=0 insize=675420 outsize=3434 kw=UNITY_PASS_FORWARDBASE DIRECTIONAL SHADOWS_SCREEN LIGHTPROBE_SH _STOCHASTICMODE_DELIOT_HEITZ VIGNETTE_MASKED _LIGHTINGMODE_WRAPPED _RIMSTYLE_POIYOMI _RIM2STYLE_POIYOMI POIBS_ENABLE BSSBLOOMFOGTYPE_HEIGHT pd=UNITY_ENABLE_REFLECTION_BUFFERS UNITY_USE_DITHER_MASK_FOR_ALPHABLENDED_SHADOWS UNITY_PBS_USE_BRDF1 UNITY_SPECCUBE_BOX_PROJECTION UNITY_SPECCUBE_BLENDING UNITY_ENABLE_DETAIL_NORMALMAP SHADER_API_DESKTOP UNITY_LIGHT_PROBE_PROXY_VOLUME UNITY_LIGHTMAP_FULL_HDR ok=1
Cmd: compileSnippet
  api=4 type=1 insize=592407 outsize=130666 kw=UNITY_PASS_FORWARDADD POINT SHADOWS_CUBE SHADOWS_SOFT _STOCHASTICMODE_DELIOT_HEITZ VIGNETTE_MASKED _LIGHTINGMODE_SHADEMAP _RIMSTYLE_POIYOMI _RIM2STYLE_POIYOMI POIBS_ENABLE BSSBLOOMFOGTYPE_HEIGHT pd=UNITY_ENABLE_REFLECTION_BUFFERS UNITY_USE_DITHER_MASK_FOR_ALPHABLENDED_SHADOWS UNITY_PBS_USE_BRDF1 UNITY_SPECCUBE_BOX_PROJECTION UNITY_SPECCUBE_BLENDING UNITY_ENABLE_DETAIL_NORMALMAP SHADER_API_DESKTOP UNITY_LIGHT_PROBE_PROXY_VOLUME UNITY_LIGHTMAP_FULL_HDR ok=1
Cmd: compileSnippet
  error: 1 plat 4 at (30818): floating point division by zero\nCompiling Fragment program with UNITY_PASS_FORWARDADD DIRECTIONAL _STOCHASTICMODE_DELIOT_HEITZ POI_BLACKLIGHTMASKING VIGNETTE_MASKED _LIGHTINGMODE_REALISTIC _RIMSTYLE_POIYOMI _RIM2STYLE_POIYOMI POIBS_ENABLE BSSBLOOMFOGTYPE_HEIGHT
Platform defines: UNITY_ENABLE_REFLECTION_BUFFERS UNITY_USE_DITHER_MASK_FOR_ALPHABLENDED_SHADOWS UNITY_PBS_USE_BRDF1 UNITY_SPECCUBE_BOX_PROJECTION UNITY_SPECCUBE_BLENDING UNITY_ENABLE_DETAIL_NORMALMAP SHADER_API_DESKTOP UNITY_LIGHT_PROBE_PROXY_VOLUME UNITY_LIGHTMAP_FULL_HDR
  api=4 type=1 insize=592407 outsize=137922 kw=UNITY_PASS_FORWARDADD DIRECTIONAL _STOCHASTICMODE_DELIOT_HEITZ POI_BLACKLIGHTMASKING VIGNETTE_MASKED _LIGHTINGMODE_REALISTIC _RIMSTYLE_POIYOMI _RIM2STYLE_POIYOMI POIBS_ENABLE BSSBLOOMFOGTYPE_HEIGHT pd=UNITY_ENABLE_REFLECTION_BUFFERS UNITY_USE_DITHER_MASK_FOR_ALPHABLENDED_SHADOWS UNITY_PBS_USE_BRDF1 UNITY_SPECCUBE_BOX_PROJECTION UNITY_SPECCUBE_BLENDING UNITY_ENABLE_DETAIL_NORMALMAP SHADER_API_DESKTOP UNITY_LIGHT_PROBE_PROXY_VOLUME UNITY_LIGHTMAP_FULL_HDR ok=1
Cmd: compileSnippet
  api=4 type=0 insize=275660 outsize=4150 kw=UNITY_PASS_SHADOWCASTER SHADOWS_CUBE _STOCHASTICMODE_DELIOT_HEITZ VIGNETTE_MASKED _LIGHTINGMODE_REALISTIC _RIMSTYLE_POIYOMI _RIM2STYLE_POIYOMI _POI_DEPTH_RIMLIGHT POIBS_ENABLE BSSBLOOMFOGTYPE_HEIGHT pd=UNITY_ENABLE_REFLECTION_BUFFERS UNITY_USE_DITHER_MASK_FOR_ALPHABLENDED_SHADOWS UNITY_PBS_USE_BRDF1 UNITY_SPECCUBE_BOX_PROJECTION UNITY_SPECCUBE_BLENDING UNITY_ENABLE_DETAIL_NORMALMAP SHADER_API_DESKTOP UNITY_LIGHT_PROBE_PROXY_VOLUME UNITY_LIGHTMAP_FULL_HDR ok=1
Cmd: compileSnippet
  api=4 type=0 insize=675420 outsize=3434 kw=UNITY_PASS_FORWARDBASE DIRECTIONAL SHADOWS_SCREEN LIGHTPROBE_SH _STOCHASTICMODE_DELIOT_HEITZ _LIGHTINGMODE_REALISTIC _RIMSTYLE_POIYOMI _RIM2STYLE_POIYOMI _POI_DEPTH_RIMLIGHT POIBS_ENABLE BSSBLOOMFOGTYPE_HEIGHT pd=UNITY_ENABLE_REFLECTION_BUFFERS UNITY_USE_DITHER_MASK_FOR_ALPHABLENDED_SHADOWS UNITY_PBS_USE_BRDF1 UNITY_SPECCUBE_BOX_PROJECTION UNITY_SPECCUBE_BLENDING UNITY_ENABLE_DETAIL_NORMALMAP SHADER_API_DESKTOP UNITY_LIGHT_PROBE_PROXY_VOLUME UNITY_LIGHTMAP_FULL_HDR ok=1
Cmd: compileSnippet
  api=4 type=1 insize=675420 outsize=177986 kw=UNITY_PASS_FORWARDBASE DIRECTIONAL SHADOWS_SCREEN LIGHTPROBE_SH _STOCHASTICMODE_DELIOT_HEITZ _LIGHTINGMODE_REALISTIC POI_MATCAP0 _RIMSTYLE_POIYOMI _RIM2STYLE_POIYOMI POIBS_ENABLE BSSBLOOMFOGTYPE_HEIGHT pd=UNITY_ENABLE_REFLECTION_BUFFERS UNITY_USE_DITHER_MASK_FOR_ALPHABLENDED_SHADOWS UNITY_PBS_USE_BRDF1 UNITY_SPECCUBE_BOX_PROJECTION UNITY_SPECCUBE_BLENDING UNITY_ENABLE_DETAIL_NORMALMAP SHADER_API_DESKTOP UNITY_LIGHT_PROBE_PROXY_VOLUME UNITY_LIGHTMAP_FULL_HDR ok=1
Cmd: compileSnippet
  api=4 type=1 insize=275660 outsize=92954 kw=UNITY_PASS_SHADOWCASTER SHADOWS_DEPTH _STOCHASTICMODE_DELIOT_HEITZ _LIGHTINGMODE_REALISTIC POI_ANISOTROPICS POI_MATCAP0 _RIMSTYLE_POIYOMI _RIM2STYLE_POIYOMI POIBS_ENABLE BSSBLOOMFOGTYPE_HEIGHT pd=UNITY_ENABLE_REFLECTION_BUFFERS UNITY_USE_DITHER_MASK_FOR_ALPHABLENDED_SHADOWS UNITY_PBS_USE_BRDF1 UNITY_SPECCUBE_BOX_PROJECTION UNITY_SPECCUBE_BLENDING UNITY_ENABLE_DETAIL_NORMALMAP SHADER_API_DESKTOP UNITY_LIGHT_PROBE_PROXY_VOLUME UNITY_LIGHTMAP_FULL_HDR ok=1
Cmd: compileSnippet
  api=4 type=0 insize=338355 outsize=8230 kw=UNITY_PASS_FORWARDBASE DIRECTIONAL SHADOWS_SCREEN LIGHTPROBE_SH UNITY_SINGLE_PASS_STEREO _STOCHASTICMODE_DELIOT_HEITZ _LIGHTINGMODE_REALISTIC POI_MATCAP0 _RIMSTYLE_POIYOMI _RIM2STYLE_POIYOMI POIBS_ENABLE BSSBLOOMFOGTYPE_HEIGHT pd=UNITY_ENABLE_REFLECTION_BUFFERS UNITY_USE_DITHER_MASK_FOR_ALPHABLENDED_SHADOWS UNITY_PBS_USE_BRDF1 UNITY_SPECCUBE_BOX_PROJECTION UNITY_SPECCUBE_BLENDING UNITY_ENABLE_DETAIL_NORMALMAP SHADER_API_DESKTOP UNITY_LIGHT_PROBE_PROXY_VOLUME UNITY_LIGHTMAP_FULL_HDR ok=1
Cmd: compileSnippet
  api=4 type=0 insize=338355 outsize=7762 kw=UNITY_PASS_FORWARDBASE DIRECTIONAL LIGHTPROBE_SH UNITY_SINGLE_PASS_STEREO _STOCHASTICMODE_DELIOT_HEITZ _LIGHTINGMODE_FLAT POI_MATCAP0 _RIMSTYLE_POIYOMI _RIM2STYLE_POIYOMI POIBS_ENABLE BSSBLOOMFOGTYPE_HEIGHT pd=UNITY_ENABLE_REFLECTION_BUFFERS UNITY_USE_DITHER_MASK_FOR_ALPHABLENDED_SHADOWS UNITY_PBS_USE_BRDF1 UNITY_SPECCUBE_BOX_PROJECTION UNITY_SPECCUBE_BLENDING UNITY_ENABLE_DETAIL_NORMALMAP SHADER_API_DESKTOP UNITY_LIGHT_PROBE_PROXY_VOLUME UNITY_LIGHTMAP_FULL_HDR ok=1
Cmd: compileSnippet
  api=4 type=0 insize=275660 outsize=4306 kw=UNITY_PASS_SHADOWCASTER SHADOWS_DEPTH _SUNDISK_SIMPLE _STOCHASTICMODE_DELIOT_HEITZ _LIGHTINGMODE_FLAT _RIMSTYLE_POIYOMI _RIM2STYLE_POIYOMI BSSBLOOMFOGTYPE_HEIGHT pd=UNITY_ENABLE_REFLECTION_BUFFERS UNITY_USE_DITHER_MASK_FOR_ALPHABLENDED_SHADOWS UNITY_PBS_USE_BRDF1 UNITY_SPECCUBE_BOX_PROJECTION UNITY_SPECCUBE_BLENDING UNITY_ENABLE_DETAIL_NORMALMAP SHADER_API_DESKTOP UNITY_LIGHT_PROBE_PROXY_VOLUME UNITY_LIGHTMAP_FULL_HDR ok=1
Cmd: compileSnippet
  api=4 type=1 insize=675420 outsize=194786 kw=UNITY_PASS_FORWARDBASE DIRECTIONAL LIGHTPROBE_SH INSTANCING_ON _SUNDISK_SIMPLE _STOCHASTICMODE_DELIOT_HEITZ _LIGHTINGMODE_FLAT _RIMSTYLE_POIYOMI _RIM2STYLE_POIYOMI BSSBLOOMFOGTYPE_HEIGHT pd=UNITY_ENABLE_REFLECTION_BUFFERS UNITY_USE_DITHER_MASK_FOR_ALPHABLENDED_SHADOWS UNITY_PBS_USE_BRDF1 UNITY_SPECCUBE_BOX_PROJECTION UNITY_SPECCUBE_BLENDING UNITY_ENABLE_DETAIL_NORMALMAP SHADER_API_DESKTOP UNITY_LIGHT_PROBE_PROXY_VOLUME UNITY_LIGHTMAP_FULL_HDR ok=1
Cmd: compileSnippet
  api=4 type=1 insize=675420 outsize=196386 kw=UNITY_PASS_FORWARDBASE DIRECTIONAL LIGHTPROBE_SH INSTANCING_ON UNITY_SINGLE_PASS_STEREO _SUNDISK_SIMPLE _STOCHASTICMODE_DELIOT_HEITZ _LIGHTINGMODE_FLAT _RIMSTYLE_POIYOMI _RIM2STYLE_POIYOMI BSSBLOOMFOGTYPE_HEIGHT pd=UNITY_ENABLE_REFLECTION_BUFFERS UNITY_USE_DITHER_MASK_FOR_ALPHABLENDED_SHADOWS UNITY_PBS_USE_BRDF1 UNITY_SPECCUBE_BOX_PROJECTION UNITY_SPECCUBE_BLENDING UNITY_ENABLE_DETAIL_NORMALMAP SHADER_API_DESKTOP UNITY_LIGHT_PROBE_PROXY_VOLUME UNITY_LIGHTMAP_FULL_HDR ok=1
Cmd: compileSnippet
  api=4 type=0 insize=114943 outsize=1978 kw=UNITY_PASS_FORWARDBASE DIRECTIONAL LIGHTPROBE_SH UNITY_SINGLE_PASS_STEREO pd=UNITY_ENABLE_REFLECTION_BUFFERS UNITY_USE_DITHER_MASK_FOR_ALPHABLENDED_SHADOWS UNITY_PBS_USE_BRDF1 UNITY_SPECCUBE_BOX_PROJECTION UNITY_SPECCUBE_BLENDING UNITY_ENABLE_DETAIL_NORMALMAP SHADER_API_DESKTOP UNITY_LIGHT_PROBE_PROXY_VOLUME UNITY_LIGHTMAP_FULL_HDR ok=1
Cmd: shutdown
